#
# There is insufficient memory for the Java Runtime Environment to continue.
# Native memory allocation (mmap) failed to map 532676608 bytes for G1 virtual space
# Possible reasons:
#   The system is out of physical RAM or swap space
#   The process is running with CompressedOops enabled, and the Java Heap may be blocking the growth of the native heap
# Possible solutions:
#   Reduce memory load on the system
#   Increase physical memory or swap space
#   Check if swap backing store is full
#   Decrease Java heap size (-Xmx/-Xms)
#   Decrease number of Java threads
#   Decrease Java thread stack sizes (-Xss)
#   Set larger code cache with -XX:ReservedCodeCacheSize=
#   JVM is running with Zero Based Compressed Oops mode in which the Java heap is
#     placed in the first 32GB address space. The Java Heap base address is the
#     maximum limit for the native heap growth. Please use -XX:HeapBaseMinAddress
#     to set the Java Heap base and to place the Java Heap above 32GB virtual address.
# This output file may be truncated or incomplete.
#
#  Out of Memory Error (os_windows.cpp:3769), pid=30148, tid=40964
#
# JRE version:  (17.0.6+10) (build )
# Java VM: OpenJDK 64-Bit Server VM (17.0.6+10-b829.5, mixed mode, sharing, tiered, compressed oops, compressed class ptrs, g1 gc, windows-amd64)
# No core dump will be written. Minidumps are not enabled by default on client versions of Windows
#

---------------  S U M M A R Y ------------

Command Line: git4idea.http.GitAskPassApp Username for 'https://github.com': 

Host: Intel(R) Core(TM) i7-9750H CPU @ 2.60GHz, 12 cores, 31G,  Windows 11 , 64 bit Build 22621 (10.0.22621.1778)
Time: Sat May 27 19:44:34 2023 Arabian Standard Time elapsed time: 0.011102 seconds (0d 0h 0m 0s)

---------------  T H R E A D  ---------------

Current thread (0x0000028b873793b0):  JavaThread "Unknown thread" [_thread_in_vm, id=40964, stack(0x000000ee93f00000,0x000000ee94000000)]

Stack: [0x000000ee93f00000,0x000000ee94000000]
Native frames: (J=compiled Java code, j=interpreted, Vv=VM code, C=native code)
V  [jvm.dll+0x683b4a]
V  [jvm.dll+0x842654]
V  [jvm.dll+0x843dfe]
V  [jvm.dll+0x844463]
V  [jvm.dll+0x249b75]
V  [jvm.dll+0x680a19]
V  [jvm.dll+0x674f0a]
V  [jvm.dll+0x309acb]
V  [jvm.dll+0x310f86]
V  [jvm.dll+0x3608ee]
V  [jvm.dll+0x360b1f]
V  [jvm.dll+0x2dfbf8]
V  [jvm.dll+0x2e0b64]
V  [jvm.dll+0x813f41]
V  [jvm.dll+0x36e6a1]
V  [jvm.dll+0x7f347c]
V  [jvm.dll+0x3f0e8f]
V  [jvm.dll+0x3f29d1]
C  [jli.dll+0x526b]
C  [ucrtbase.dll+0x29363]
C  [KERNEL32.DLL+0x126ad]
C  [ntdll.dll+0x5a9f8]


---------------  P R O C E S S  ---------------

Threads class SMR info:
_java_thread_list=0x00007ffce728c058, length=0, elements={
}

Java Threads: ( => current thread )

Other Threads:
  0x0000028b87425390 GCTaskThread "GC Thread#0" [stack: 0x000000ee94000000,0x000000ee94100000] [id=27836]
  0x0000028b874360d0 ConcurrentGCThread "G1 Main Marker" [stack: 0x000000ee94100000,0x000000ee94200000] [id=24052]
  0x0000028b87436c40 ConcurrentGCThread "G1 Conc#0" [stack: 0x000000ee94200000,0x000000ee94300000] [id=41160]

[error occurred during error reporting (printing all threads), id 0xc0000005, EXCEPTION_ACCESS_VIOLATION (0xc0000005) at pc=0x00007ffce6a40797]

VM state: not at safepoint (not fully initialized)

VM Mutex/Monitor currently owned by a thread:  ([mutex/lock_event])
[0x0000028b87375510] Heap_lock - owner thread: 0x0000028b873793b0

Heap address: 0x0000000604000000, size: 8128 MB, Compressed Oops mode: Zero based, Oop shift amount: 3

CDS archive(s) mapped at: [0x0000000000000000-0x0000000000000000-0x0000000000000000), size 0, SharedBaseAddress: 0x0000000800000000, ArchiveRelocationMode: 0.
Narrow klass base: 0x0000000000000000, Narrow klass shift: 0, Narrow klass range: 0x0

GC Precious Log:
<Empty>

Heap:
 garbage-first heap   total 0K, used 0K [0x0000000604000000, 0x0000000800000000)
  region size 4096K, 0 young (0K), 0 survivors (0K)

[error occurred during error reporting (printing heap information), id 0xc0000005, EXCEPTION_ACCESS_VIOLATION (0xc0000005) at pc=0x00007ffce6e2d939]

GC Heap History (0 events):
No events

Dll operation events (1 events):
Event: 0.007 Loaded shared library C:\Program Files\JetBrains\PyCharm Community Edition 2023.1\jbr\bin\java.dll

Deoptimization events (0 events):
No events

Classes unloaded (0 events):
No events

Classes redefined (0 events):
No events

Internal exceptions (0 events):
No events

VM Operations (0 events):
No events

Events (0 events):
No events


Dynamic libraries:
0x00007ff709370000 - 0x00007ff70937a000 	C:\Program Files\JetBrains\PyCharm Community Edition 2023.1\jbr\bin\java.exe
0x00007ffd35370000 - 0x00007ffd35584000 	C:\Windows\SYSTEM32\ntdll.dll
0x00007ffd345a0000 - 0x00007ffd34662000 	C:\Windows\System32\KERNEL32.DLL
0x00007ffd32a50000 - 0x00007ffd32df3000 	C:\Windows\System32\KERNELBASE.dll
0x00007ffd32770000 - 0x00007ffd32881000 	C:\Windows\System32\ucrtbase.dll
0x00007ffd0f0d0000 - 0x00007ffd0f0e7000 	C:\Program Files\JetBrains\PyCharm Community Edition 2023.1\jbr\bin\jli.dll
0x00007ffd34340000 - 0x00007ffd344eb000 	C:\Windows\System32\USER32.dll
0x00007ffd02390000 - 0x00007ffd023ab000 	C:\Program Files\JetBrains\PyCharm Community Edition 2023.1\jbr\bin\VCRUNTIME140.dll
0x00007ffd32fb0000 - 0x00007ffd32fd6000 	C:\Windows\System32\win32u.dll
0x00007ffd14f20000 - 0x00007ffd151ae000 	C:\Windows\WinSxS\amd64_microsoft.windows.common-controls_6595b64144ccf1df_6.0.22621.1635_none_270f70857386168e\COMCTL32.dll
0x00007ffd33150000 - 0x00007ffd331f7000 	C:\Windows\System32\msvcrt.dll
0x00007ffd344f0000 - 0x00007ffd34519000 	C:\Windows\System32\GDI32.dll
0x00007ffd32890000 - 0x00007ffd329a9000 	C:\Windows\System32\gdi32full.dll
0x00007ffd329b0000 - 0x00007ffd32a4a000 	C:\Windows\System32\msvcp_win.dll
0x00007ffd33da0000 - 0x00007ffd33dd1000 	C:\Windows\System32\IMM32.DLL
0x00007ffd261c0000 - 0x00007ffd261cc000 	C:\Program Files\JetBrains\PyCharm Community Edition 2023.1\jbr\bin\vcruntime140_1.dll
0x00007ffce4490000 - 0x00007ffce451d000 	C:\Program Files\JetBrains\PyCharm Community Edition 2023.1\jbr\bin\msvcp140.dll
0x00007ffce6750000 - 0x00007ffce73bd000 	C:\Program Files\JetBrains\PyCharm Community Edition 2023.1\jbr\bin\server\jvm.dll
0x00007ffd334f0000 - 0x00007ffd3359e000 	C:\Windows\System32\ADVAPI32.dll
0x00007ffd349a0000 - 0x00007ffd34a44000 	C:\Windows\System32\sechost.dll
0x00007ffd33800000 - 0x00007ffd33917000 	C:\Windows\System32\RPCRT4.dll
0x00007ffd27fb0000 - 0x00007ffd27fe4000 	C:\Windows\SYSTEM32\WINMM.dll
0x00007ffc9fc30000 - 0x00007ffc9fc39000 	C:\Windows\SYSTEM32\WSOCK32.dll
0x00007ffd25720000 - 0x00007ffd2572a000 	C:\Windows\SYSTEM32\VERSION.dll
0x00007ffd33470000 - 0x00007ffd334e1000 	C:\Windows\System32\WS2_32.dll
0x00007ffd318b0000 - 0x00007ffd318c8000 	C:\Windows\SYSTEM32\kernel.appcore.dll
0x00007ffd260b0000 - 0x00007ffd260ba000 	C:\Program Files\JetBrains\PyCharm Community Edition 2023.1\jbr\bin\jimage.dll
0x00007ffd30030000 - 0x00007ffd3025e000 	C:\Windows\SYSTEM32\DBGHELP.DLL
0x00007ffd33df0000 - 0x00007ffd34179000 	C:\Windows\System32\combase.dll
0x00007ffd34790000 - 0x00007ffd34867000 	C:\Windows\System32\OLEAUT32.dll
0x00007ffd23b40000 - 0x00007ffd23b72000 	C:\Windows\SYSTEM32\dbgcore.DLL
0x00007ffd32e00000 - 0x00007ffd32e7b000 	C:\Windows\System32\bcryptPrimitives.dll
0x00007ffd26080000 - 0x00007ffd260a5000 	C:\Program Files\JetBrains\PyCharm Community Edition 2023.1\jbr\bin\java.dll

dbghelp: loaded successfully - version: 4.0.5 - missing functions: none
symbol engine: initialized successfully - sym options: 0x614 - pdb path: .;C:\Program Files\JetBrains\PyCharm Community Edition 2023.1\jbr\bin;C:\Windows\SYSTEM32;C:\Windows\WinSxS\amd64_microsoft.windows.common-controls_6595b64144ccf1df_6.0.22621.1635_none_270f70857386168e;C:\Program Files\JetBrains\PyCharm Community Edition 2023.1\jbr\bin\server

VM Arguments:
java_command: git4idea.http.GitAskPassApp Username for 'https://github.com': 
java_class_path (initial): C:/Program Files/JetBrains/PyCharm Community Edition 2023.1/plugins/vcs-git/lib/git4idea-rt.jar;C:/Program Files/JetBrains/PyCharm Community Edition 2023.1/lib/externalProcess-rt.jar
Launcher Type: SUN_STANDARD

[Global flags]
     intx CICompilerCount                          = 4                                         {product} {ergonomic}
     uint ConcGCThreads                            = 3                                         {product} {ergonomic}
     uint G1ConcRefinementThreads                  = 10                                        {product} {ergonomic}
   size_t G1HeapRegionSize                         = 4194304                                   {product} {ergonomic}
    uintx GCDrainStackTargetSize                   = 64                                        {product} {ergonomic}
   size_t InitialHeapSize                          = 532676608                                 {product} {ergonomic}
   size_t MarkStackSize                            = 4194304                                   {product} {ergonomic}
   size_t MaxHeapSize                              = 8522825728                                {product} {ergonomic}
   size_t MinHeapDeltaBytes                        = 4194304                                   {product} {ergonomic}
   size_t MinHeapSize                              = 8388608                                   {product} {ergonomic}
    uintx NonNMethodCodeHeapSize                   = 5839372                                {pd product} {ergonomic}
    uintx NonProfiledCodeHeapSize                  = 122909434                              {pd product} {ergonomic}
    uintx ProfiledCodeHeapSize                     = 122909434                              {pd product} {ergonomic}
    uintx ReservedCodeCacheSize                    = 251658240                              {pd product} {ergonomic}
     bool SegmentedCodeCache                       = true                                      {product} {ergonomic}
   size_t SoftMaxHeapSize                          = 8522825728                             {manageable} {ergonomic}
     bool UseCompressedClassPointers               = true                           {product lp64_product} {ergonomic}
     bool UseCompressedOops                        = true                           {product lp64_product} {ergonomic}
     bool UseG1GC                                  = true                                      {product} {ergonomic}
     bool UseLargePagesIndividualAllocation        = false                                  {pd product} {ergonomic}

Logging:
Log output configuration:
 #0: stdout all=warning uptime,level,tags
 #1: stderr all=off uptime,level,tags

Environment Variables:
PATH=C:\Program Files\Git\mingw64\libexec\git-core;C:\Program Files\Git\mingw64\libexec\git-core;C:\Program Files\Git\mingw64\bin;C:\Program Files\Git\usr\bin;C:\Users\asata\bin;C:\Windows\system32;C:\Windows;C:\Windows\System32\Wbem;C:\Windows\System32\WindowsPowerShell\v1.0;C:\Windows\System32\OpenSSH;C:\Program Files\MATLAB\R2022b\runtime\win64;C:\Program Files\MATLAB\R2022b\bin;C:\Program Files\Git\cmd;C:\Users\asata\anaconda3;C:\Users\asata\anaconda3\Library\mingw-w64\bin;C:\Users\asata\anaconda3\Library\usr\bin;C:\Users\asata\anaconda3\Library\bin;C:\Users\asata\anaconda3\Scripts;C:\Users\asata\AppData\Local\Microsoft\WindowsApps;C:\Program Files\JetBrains\PyCharm Community Edition 2023.1\bin
USERNAME=asata
DISPLAY=:0.0
LC_ALL=en_US.UTF-8
TERM=xterm-256color
TMPDIR=C:\Users\asata\AppData\Local\Temp
OS=Windows_NT
PROCESSOR_IDENTIFIER=Intel64 Family 6 Model 158 Stepping 10, GenuineIntel
TMP=C:\Users\asata\AppData\Local\Temp
TEMP=C:\Users\asata\AppData\Local\Temp



---------------  S Y S T E M  ---------------

OS:
 Windows 11 , 64 bit Build 22621 (10.0.22621.1778)
OS uptime: 2 days 13:14 hours

CPU: total 12 (initial active 12) (6 cores per cpu, 2 threads per core) family 6 model 158 stepping 10 microcode 0xde, cx8, cmov, fxsr, ht, mmx, 3dnowpref, sse, sse2, sse3, ssse3, sse4.1, sse4.2, popcnt, lzcnt, tsc, tscinvbit, avx, avx2, aes, erms, clmul, bmi1, bmi2, adx, fma, vzeroupper, clflush, clflushopt

Memory: 4k page, system-wide physical 32502M (7702M free)
TotalPageFile size 73286M (AvailPageFile size 428M)
current process WorkingSet (physical memory assigned to process): 11M, peak: 11M
current process commit charge ("private bytes"): 64M, peak: 572M

vm_info: OpenJDK 64-Bit Server VM (17.0.6+10-b829.5) for windows-amd64 JRE (17.0.6+10-b829.5), built on 2023-02-24 by "builduser" with MS VC++ 16.10 / 16.11 (VS2019)

END.
