#
# There is insufficient memory for the Java Runtime Environment to continue.
# Native memory allocation (mmap) failed to map 65536 bytes for Failed to commit metaspace.
# Possible reasons:
#   The system is out of physical RAM or swap space
#   The process is running with CompressedOops enabled, and the Java Heap may be blocking the growth of the native heap
# Possible solutions:
#   Reduce memory load on the system
#   Increase physical memory or swap space
#   Check if swap backing store is full
#   Decrease Java heap size (-Xmx/-Xms)
#   Decrease number of Java threads
#   Decrease Java thread stack sizes (-Xss)
#   Set larger code cache with -XX:ReservedCodeCacheSize=
#   JVM is running with Zero Based Compressed Oops mode in which the Java heap is
#     placed in the first 32GB address space. The Java Heap base address is the
#     maximum limit for the native heap growth. Please use -XX:HeapBaseMinAddress
#     to set the Java Heap base and to place the Java Heap above 32GB virtual address.
# This output file may be truncated or incomplete.
#
#  Out of Memory Error (virtualSpaceNode.cpp:110), pid=31872, tid=20504
#
# JRE version: OpenJDK Runtime Environment JBR-17.0.6+10-829.5-jcef (17.0.6+10) (build 17.0.6+10-b829.5)
# Java VM: OpenJDK 64-Bit Server VM JBR-17.0.6+10-829.5-jcef (17.0.6+10-b829.5, mixed mode, tiered, compressed oops, compressed class ptrs, g1 gc, windows-amd64)
# No core dump will be written. Minidumps are not enabled by default on client versions of Windows
#

---------------  S U M M A R Y ------------

Command Line: git4idea.http.GitAskPassApp Username for 'https://github.com': 

Host: Intel(R) Core(TM) i7-9750H CPU @ 2.60GHz, 12 cores, 31G,  Windows 11 , 64 bit Build 22621 (10.0.22621.1778)
Time: Sat May 27 19:48:49 2023 Arabian Standard Time elapsed time: 0.461276 seconds (0d 0h 0m 0s)

---------------  T H R E A D  ---------------

Current thread (0x000001b0d06f9190):  JavaThread "HttpClient-1-Worker-0" daemon [_thread_in_vm, id=20504, stack(0x00000074b5800000,0x00000074b5900000)]

Stack: [0x00000074b5800000,0x00000074b5900000]
Native frames: (J=compiled Java code, j=interpreted, Vv=VM code, C=native code)
V  [jvm.dll+0x683b4a]
V  [jvm.dll+0x842654]
V  [jvm.dll+0x843dfe]
V  [jvm.dll+0x844463]
V  [jvm.dll+0x249b75]
V  [jvm.dll+0x83e6ab]
V  [jvm.dll+0x627fa6]
V  [jvm.dll+0x62800a]
V  [jvm.dll+0x62a81a]
V  [jvm.dll+0x628946]
V  [jvm.dll+0x3707f2]
V  [jvm.dll+0x1e565b]
V  [jvm.dll+0x547fb6]
V  [jvm.dll+0x1f46eb]
V  [jvm.dll+0x7bc67b]
V  [jvm.dll+0x7bdac2]
V  [jvm.dll+0x7bddf8]
V  [jvm.dll+0x24190e]
V  [jvm.dll+0x38437e]
C  0x000001b0b149b6ee

Java frames: (J=compiled Java code, j=interpreted, Vv=VM code)
j  sun.security.x509.X509CertInfo.<init>(Lsun/security/util/DerValue;)V+5 java.base@17.0.6
j  sun.security.x509.X509CertImpl.parse(Lsun/security/util/DerValue;)V+228 java.base@17.0.6
j  sun.security.x509.X509CertImpl.<init>([B)V+50 java.base@17.0.6
j  sun.security.provider.X509Factory.engineGenerateCertificate(Ljava/io/InputStream;)Ljava/security/cert/Certificate;+54 java.base@17.0.6
j  java.security.cert.CertificateFactory.generateCertificate(Ljava/io/InputStream;)Ljava/security/cert/Certificate;+5 java.base@17.0.6
j  sun.security.ssl.CertificateMessage$T13CertificateConsumer.checkServerCerts(Lsun/security/ssl/ClientHandshakeContext;Ljava/util/List;)[Ljava/security/cert/X509Certificate;+68 java.base@17.0.6
j  sun.security.ssl.CertificateMessage$T13CertificateConsumer.onConsumeCertificate(Lsun/security/ssl/ClientHandshakeContext;Lsun/security/ssl/CertificateMessage$T13CertificateMessage;)V+94 java.base@17.0.6
j  sun.security.ssl.CertificateMessage$T13CertificateConsumer.consume(Lsun/security/ssl/ConnectionContext;Ljava/nio/ByteBuffer;)V+78 java.base@17.0.6
j  sun.security.ssl.SSLHandshake.consume(Lsun/security/ssl/ConnectionContext;Ljava/nio/ByteBuffer;)V+13 java.base@17.0.6
j  sun.security.ssl.HandshakeContext.dispatch(BLjava/nio/ByteBuffer;)V+73 java.base@17.0.6
j  sun.security.ssl.SSLEngineImpl$DelegatedTask$DelegatedAction.run()Ljava/lang/Void;+60 java.base@17.0.6
j  sun.security.ssl.SSLEngineImpl$DelegatedTask$DelegatedAction.run()Ljava/lang/Object;+1 java.base@17.0.6
j  java.security.AccessController.executePrivileged(Ljava/security/PrivilegedExceptionAction;Ljava/security/AccessControlContext;Ljava/lang/Class;)Ljava/lang/Object;+29 java.base@17.0.6
j  java.security.AccessController.doPrivileged(Ljava/security/PrivilegedExceptionAction;Ljava/security/AccessControlContext;)Ljava/lang/Object;+13 java.base@17.0.6
j  sun.security.ssl.SSLEngineImpl$DelegatedTask.run()V+66 java.base@17.0.6
j  jdk.internal.net.http.common.SSLFlowDelegate$$Lambda$147+0x00000008001c21b0.accept(Ljava/lang/Object;)V+4 java.net.http@17.0.6
j  java.util.ArrayList.forEach(Ljava/util/function/Consumer;)V+46 java.base@17.0.6
j  jdk.internal.net.http.common.SSLFlowDelegate.lambda$executeTasks$3(Ljava/util/List;)V+43 java.net.http@17.0.6
j  jdk.internal.net.http.common.SSLFlowDelegate$$Lambda$146+0x00000008001c1f68.run()V+8 java.net.http@17.0.6
j  jdk.internal.net.http.HttpClientImpl$DelegatingExecutor.execute(Ljava/lang/Runnable;)V+26 java.net.http@17.0.6
j  jdk.internal.net.http.common.SSLFlowDelegate.executeTasks(Ljava/util/List;)V+11 java.net.http@17.0.6
j  jdk.internal.net.http.common.SSLFlowDelegate.doHandshake(Ljdk/internal/net/http/common/SSLFlowDelegate$EngineResult;I)Z+154 java.net.http@17.0.6
j  jdk.internal.net.http.common.SSLFlowDelegate$Reader.processData()V+572 java.net.http@17.0.6
j  jdk.internal.net.http.common.SSLFlowDelegate$Reader$ReaderDownstreamPusher.run()V+4 java.net.http@17.0.6
j  jdk.internal.net.http.common.SequentialScheduler$LockingRestartableTask.run()V+34 java.net.http@17.0.6
j  jdk.internal.net.http.common.SequentialScheduler$CompleteRestartableTask.run(Ljdk/internal/net/http/common/SequentialScheduler$DeferredCompleter;)V+1 java.net.http@17.0.6
j  jdk.internal.net.http.common.SequentialScheduler$TryEndDeferredCompleter.complete()V+162 java.net.http@17.0.6
j  jdk.internal.net.http.common.SequentialScheduler$CompleteRestartableTask.run(Ljdk/internal/net/http/common/SequentialScheduler$DeferredCompleter;)V+5 java.net.http@17.0.6
j  jdk.internal.net.http.common.SequentialScheduler$SchedulableTask.run()V+14 java.net.http@17.0.6
j  java.util.concurrent.ThreadPoolExecutor.runWorker(Ljava/util/concurrent/ThreadPoolExecutor$Worker;)V+92 java.base@17.0.6
j  java.util.concurrent.ThreadPoolExecutor$Worker.run()V+5 java.base@17.0.6
j  java.lang.Thread.run()V+11 java.base@17.0.6
v  ~StubRoutines::call_stub

---------------  P R O C E S S  ---------------

Threads class SMR info:
_java_thread_list=0x000001b0d078f6e0, length=16, elements={
0x000001b0a4f6cf80, 0x000001b0cee19370, 0x000001b0cf785120, 0x000001b0cf79f0d0,
0x000001b0cf79fc80, 0x000001b0cf7c6010, 0x000001b0cf7b9c50, 0x000001b0cf7bab40,
0x000001b0cf7bb530, 0x000001b0cf7bbf20, 0x000001b0cf93ffb0, 0x000001b0cf954010,
0x000001b0cfa52210, 0x000001b0d0695290, 0x000001b0d06f9190, 0x000001b0d06fbbf0
}

Java Threads: ( => current thread )
  0x000001b0a4f6cf80 JavaThread "main" [_thread_blocked, id=7260, stack(0x00000074b4200000,0x00000074b4300000)]
  0x000001b0cee19370 JavaThread "Reference Handler" daemon [_thread_blocked, id=31556, stack(0x00000074b4900000,0x00000074b4a00000)]
  0x000001b0cf785120 JavaThread "Finalizer" daemon [_thread_blocked, id=8068, stack(0x00000074b4a00000,0x00000074b4b00000)]
  0x000001b0cf79f0d0 JavaThread "Signal Dispatcher" daemon [_thread_blocked, id=18960, stack(0x00000074b4b00000,0x00000074b4c00000)]
  0x000001b0cf79fc80 JavaThread "Attach Listener" daemon [_thread_blocked, id=43636, stack(0x00000074b4c00000,0x00000074b4d00000)]
  0x000001b0cf7c6010 JavaThread "Service Thread" daemon [_thread_blocked, id=32380, stack(0x00000074b4d00000,0x00000074b4e00000)]
  0x000001b0cf7b9c50 JavaThread "Monitor Deflation Thread" daemon [_thread_blocked, id=9192, stack(0x00000074b4e00000,0x00000074b4f00000)]
  0x000001b0cf7bab40 JavaThread "C2 CompilerThread0" daemon [_thread_blocked, id=11284, stack(0x00000074b4f00000,0x00000074b5000000)]
  0x000001b0cf7bb530 JavaThread "C1 CompilerThread0" daemon [_thread_blocked, id=2840, stack(0x00000074b5000000,0x00000074b5100000)]
  0x000001b0cf7bbf20 JavaThread "Sweeper thread" daemon [_thread_blocked, id=24132, stack(0x00000074b5100000,0x00000074b5200000)]
  0x000001b0cf93ffb0 JavaThread "Notification Thread" daemon [_thread_blocked, id=27896, stack(0x00000074b5200000,0x00000074b5300000)]
  0x000001b0cf954010 JavaThread "Common-Cleaner" daemon [_thread_blocked, id=26332, stack(0x00000074b5400000,0x00000074b5500000)]
  0x000001b0cfa52210 JavaThread "C2 CompilerThread1" daemon [_thread_blocked, id=42720, stack(0x00000074b5500000,0x00000074b5600000)]
  0x000001b0d0695290 JavaThread "HttpClient-1-SelectorManager" daemon [_thread_in_native, id=3496, stack(0x00000074b5600000,0x00000074b5700000)]
=>0x000001b0d06f9190 JavaThread "HttpClient-1-Worker-0" daemon [_thread_in_vm, id=20504, stack(0x00000074b5800000,0x00000074b5900000)]
  0x000001b0d06fbbf0 JavaThread "HttpClient-1-Worker-1" daemon [_thread_blocked, id=20768, stack(0x00000074b5900000,0x00000074b5a00000)]

Other Threads:
  0x000001b0cee2ec30 VMThread "VM Thread" [stack: 0x00000074b4800000,0x00000074b4900000] [id=42680]
  0x000001b0cec380f0 WatcherThread [stack: 0x00000074b5300000,0x00000074b5400000] [id=13256]
  0x000001b0a50c6d30 GCTaskThread "GC Thread#0" [stack: 0x00000074b4300000,0x00000074b4400000] [id=16208]
  0x000001b0a50d7a70 ConcurrentGCThread "G1 Main Marker" [stack: 0x00000074b4400000,0x00000074b4500000] [id=29160]
  0x000001b0a50d85e0 ConcurrentGCThread "G1 Conc#0" [stack: 0x00000074b4500000,0x00000074b4600000] [id=29404]
  0x000001b0ced36580 ConcurrentGCThread "G1 Refine#0" [stack: 0x00000074b4600000,0x00000074b4700000] [id=42672]
  0x000001b0ced37e50 ConcurrentGCThread "G1 Service" [stack: 0x00000074b4700000,0x00000074b4800000] [id=43992]

Threads with active compile tasks:

VM state: not at safepoint (normal execution)

VM Mutex/Monitor currently owned by a thread:  ([mutex/lock_event])
[0x000001b0a50188c0] Metaspace_lock - owner thread: 0x000001b0d06f9190

Heap address: 0x0000000604000000, size: 8128 MB, Compressed Oops mode: Zero based, Oop shift amount: 3

CDS archive(s) not mapped
Compressed class space mapped at: 0x0000000800000000-0x0000000840000000, reserved size: 1073741824
Narrow klass base: 0x0000000800000000, Narrow klass shift: 0, Narrow klass range: 0x40000000

GC Precious Log:
 CPUs: 12 total, 12 available
 Memory: 32502M
 Large Page Support: Disabled
 NUMA Support: Disabled
 Compressed Oops: Enabled (Zero based)
 Heap Region Size: 4M
 Heap Min Capacity: 8M
 Heap Initial Capacity: 508M
 Heap Max Capacity: 8128M
 Pre-touch: Disabled
 Parallel Workers: 10
 Concurrent Workers: 3
 Concurrent Refinement Workers: 10
 Periodic GC: Disabled

Heap:
 garbage-first heap   total 520192K, used 12288K [0x0000000604000000, 0x0000000800000000)
  region size 4096K, 4 young (16384K), 0 survivors (0K)
 Metaspace       used 15750K, committed 15936K, reserved 1064960K
  class space    used 1650K, committed 1728K, reserved 1048576K

Heap Regions: E=young(eden), S=young(survivor), O=old, HS=humongous(starts), HC=humongous(continues), CS=collection set, F=free, OA=open archive, CA=closed archive, TAMS=top-at-mark-start (previous, next)
|   0|0x0000000604000000, 0x0000000604000000, 0x0000000604400000|  0%| F|  |TAMS 0x0000000604000000, 0x0000000604000000| Untracked 
|   1|0x0000000604400000, 0x0000000604400000, 0x0000000604800000|  0%| F|  |TAMS 0x0000000604400000, 0x0000000604400000| Untracked 
|   2|0x0000000604800000, 0x0000000604800000, 0x0000000604c00000|  0%| F|  |TAMS 0x0000000604800000, 0x0000000604800000| Untracked 
|   3|0x0000000604c00000, 0x0000000604c00000, 0x0000000605000000|  0%| F|  |TAMS 0x0000000604c00000, 0x0000000604c00000| Untracked 
|   4|0x0000000605000000, 0x0000000605000000, 0x0000000605400000|  0%| F|  |TAMS 0x0000000605000000, 0x0000000605000000| Untracked 
|   5|0x0000000605400000, 0x0000000605400000, 0x0000000605800000|  0%| F|  |TAMS 0x0000000605400000, 0x0000000605400000| Untracked 
|   6|0x0000000605800000, 0x0000000605800000, 0x0000000605c00000|  0%| F|  |TAMS 0x0000000605800000, 0x0000000605800000| Untracked 
|   7|0x0000000605c00000, 0x0000000605c00000, 0x0000000606000000|  0%| F|  |TAMS 0x0000000605c00000, 0x0000000605c00000| Untracked 
|   8|0x0000000606000000, 0x0000000606000000, 0x0000000606400000|  0%| F|  |TAMS 0x0000000606000000, 0x0000000606000000| Untracked 
|   9|0x0000000606400000, 0x0000000606400000, 0x0000000606800000|  0%| F|  |TAMS 0x0000000606400000, 0x0000000606400000| Untracked 
|  10|0x0000000606800000, 0x0000000606800000, 0x0000000606c00000|  0%| F|  |TAMS 0x0000000606800000, 0x0000000606800000| Untracked 
|  11|0x0000000606c00000, 0x0000000606c00000, 0x0000000607000000|  0%| F|  |TAMS 0x0000000606c00000, 0x0000000606c00000| Untracked 
|  12|0x0000000607000000, 0x0000000607000000, 0x0000000607400000|  0%| F|  |TAMS 0x0000000607000000, 0x0000000607000000| Untracked 
|  13|0x0000000607400000, 0x0000000607400000, 0x0000000607800000|  0%| F|  |TAMS 0x0000000607400000, 0x0000000607400000| Untracked 
|  14|0x0000000607800000, 0x0000000607800000, 0x0000000607c00000|  0%| F|  |TAMS 0x0000000607800000, 0x0000000607800000| Untracked 
|  15|0x0000000607c00000, 0x0000000607c00000, 0x0000000608000000|  0%| F|  |TAMS 0x0000000607c00000, 0x0000000607c00000| Untracked 
|  16|0x0000000608000000, 0x0000000608000000, 0x0000000608400000|  0%| F|  |TAMS 0x0000000608000000, 0x0000000608000000| Untracked 
|  17|0x0000000608400000, 0x0000000608400000, 0x0000000608800000|  0%| F|  |TAMS 0x0000000608400000, 0x0000000608400000| Untracked 
|  18|0x0000000608800000, 0x0000000608800000, 0x0000000608c00000|  0%| F|  |TAMS 0x0000000608800000, 0x0000000608800000| Untracked 
|  19|0x0000000608c00000, 0x0000000608c00000, 0x0000000609000000|  0%| F|  |TAMS 0x0000000608c00000, 0x0000000608c00000| Untracked 
|  20|0x0000000609000000, 0x0000000609000000, 0x0000000609400000|  0%| F|  |TAMS 0x0000000609000000, 0x0000000609000000| Untracked 
|  21|0x0000000609400000, 0x0000000609400000, 0x0000000609800000|  0%| F|  |TAMS 0x0000000609400000, 0x0000000609400000| Untracked 
|  22|0x0000000609800000, 0x0000000609800000, 0x0000000609c00000|  0%| F|  |TAMS 0x0000000609800000, 0x0000000609800000| Untracked 
|  23|0x0000000609c00000, 0x0000000609c00000, 0x000000060a000000|  0%| F|  |TAMS 0x0000000609c00000, 0x0000000609c00000| Untracked 
|  24|0x000000060a000000, 0x000000060a000000, 0x000000060a400000|  0%| F|  |TAMS 0x000000060a000000, 0x000000060a000000| Untracked 
|  25|0x000000060a400000, 0x000000060a400000, 0x000000060a800000|  0%| F|  |TAMS 0x000000060a400000, 0x000000060a400000| Untracked 
|  26|0x000000060a800000, 0x000000060a800000, 0x000000060ac00000|  0%| F|  |TAMS 0x000000060a800000, 0x000000060a800000| Untracked 
|  27|0x000000060ac00000, 0x000000060ac00000, 0x000000060b000000|  0%| F|  |TAMS 0x000000060ac00000, 0x000000060ac00000| Untracked 
|  28|0x000000060b000000, 0x000000060b000000, 0x000000060b400000|  0%| F|  |TAMS 0x000000060b000000, 0x000000060b000000| Untracked 
|  29|0x000000060b400000, 0x000000060b400000, 0x000000060b800000|  0%| F|  |TAMS 0x000000060b400000, 0x000000060b400000| Untracked 
|  30|0x000000060b800000, 0x000000060b800000, 0x000000060bc00000|  0%| F|  |TAMS 0x000000060b800000, 0x000000060b800000| Untracked 
|  31|0x000000060bc00000, 0x000000060bc00000, 0x000000060c000000|  0%| F|  |TAMS 0x000000060bc00000, 0x000000060bc00000| Untracked 
|  32|0x000000060c000000, 0x000000060c000000, 0x000000060c400000|  0%| F|  |TAMS 0x000000060c000000, 0x000000060c000000| Untracked 
|  33|0x000000060c400000, 0x000000060c400000, 0x000000060c800000|  0%| F|  |TAMS 0x000000060c400000, 0x000000060c400000| Untracked 
|  34|0x000000060c800000, 0x000000060c800000, 0x000000060cc00000|  0%| F|  |TAMS 0x000000060c800000, 0x000000060c800000| Untracked 
|  35|0x000000060cc00000, 0x000000060cc00000, 0x000000060d000000|  0%| F|  |TAMS 0x000000060cc00000, 0x000000060cc00000| Untracked 
|  36|0x000000060d000000, 0x000000060d000000, 0x000000060d400000|  0%| F|  |TAMS 0x000000060d000000, 0x000000060d000000| Untracked 
|  37|0x000000060d400000, 0x000000060d400000, 0x000000060d800000|  0%| F|  |TAMS 0x000000060d400000, 0x000000060d400000| Untracked 
|  38|0x000000060d800000, 0x000000060d800000, 0x000000060dc00000|  0%| F|  |TAMS 0x000000060d800000, 0x000000060d800000| Untracked 
|  39|0x000000060dc00000, 0x000000060dc00000, 0x000000060e000000|  0%| F|  |TAMS 0x000000060dc00000, 0x000000060dc00000| Untracked 
|  40|0x000000060e000000, 0x000000060e000000, 0x000000060e400000|  0%| F|  |TAMS 0x000000060e000000, 0x000000060e000000| Untracked 
|  41|0x000000060e400000, 0x000000060e400000, 0x000000060e800000|  0%| F|  |TAMS 0x000000060e400000, 0x000000060e400000| Untracked 
|  42|0x000000060e800000, 0x000000060e800000, 0x000000060ec00000|  0%| F|  |TAMS 0x000000060e800000, 0x000000060e800000| Untracked 
|  43|0x000000060ec00000, 0x000000060ec00000, 0x000000060f000000|  0%| F|  |TAMS 0x000000060ec00000, 0x000000060ec00000| Untracked 
|  44|0x000000060f000000, 0x000000060f000000, 0x000000060f400000|  0%| F|  |TAMS 0x000000060f000000, 0x000000060f000000| Untracked 
|  45|0x000000060f400000, 0x000000060f400000, 0x000000060f800000|  0%| F|  |TAMS 0x000000060f400000, 0x000000060f400000| Untracked 
|  46|0x000000060f800000, 0x000000060f800000, 0x000000060fc00000|  0%| F|  |TAMS 0x000000060f800000, 0x000000060f800000| Untracked 
|  47|0x000000060fc00000, 0x000000060fc00000, 0x0000000610000000|  0%| F|  |TAMS 0x000000060fc00000, 0x000000060fc00000| Untracked 
|  48|0x0000000610000000, 0x0000000610000000, 0x0000000610400000|  0%| F|  |TAMS 0x0000000610000000, 0x0000000610000000| Untracked 
|  49|0x0000000610400000, 0x0000000610400000, 0x0000000610800000|  0%| F|  |TAMS 0x0000000610400000, 0x0000000610400000| Untracked 
|  50|0x0000000610800000, 0x0000000610800000, 0x0000000610c00000|  0%| F|  |TAMS 0x0000000610800000, 0x0000000610800000| Untracked 
|  51|0x0000000610c00000, 0x0000000610c00000, 0x0000000611000000|  0%| F|  |TAMS 0x0000000610c00000, 0x0000000610c00000| Untracked 
|  52|0x0000000611000000, 0x0000000611000000, 0x0000000611400000|  0%| F|  |TAMS 0x0000000611000000, 0x0000000611000000| Untracked 
|  53|0x0000000611400000, 0x0000000611400000, 0x0000000611800000|  0%| F|  |TAMS 0x0000000611400000, 0x0000000611400000| Untracked 
|  54|0x0000000611800000, 0x0000000611800000, 0x0000000611c00000|  0%| F|  |TAMS 0x0000000611800000, 0x0000000611800000| Untracked 
|  55|0x0000000611c00000, 0x0000000611c00000, 0x0000000612000000|  0%| F|  |TAMS 0x0000000611c00000, 0x0000000611c00000| Untracked 
|  56|0x0000000612000000, 0x0000000612000000, 0x0000000612400000|  0%| F|  |TAMS 0x0000000612000000, 0x0000000612000000| Untracked 
|  57|0x0000000612400000, 0x0000000612400000, 0x0000000612800000|  0%| F|  |TAMS 0x0000000612400000, 0x0000000612400000| Untracked 
|  58|0x0000000612800000, 0x0000000612800000, 0x0000000612c00000|  0%| F|  |TAMS 0x0000000612800000, 0x0000000612800000| Untracked 
|  59|0x0000000612c00000, 0x0000000612c00000, 0x0000000613000000|  0%| F|  |TAMS 0x0000000612c00000, 0x0000000612c00000| Untracked 
|  60|0x0000000613000000, 0x0000000613000000, 0x0000000613400000|  0%| F|  |TAMS 0x0000000613000000, 0x0000000613000000| Untracked 
|  61|0x0000000613400000, 0x0000000613400000, 0x0000000613800000|  0%| F|  |TAMS 0x0000000613400000, 0x0000000613400000| Untracked 
|  62|0x0000000613800000, 0x0000000613800000, 0x0000000613c00000|  0%| F|  |TAMS 0x0000000613800000, 0x0000000613800000| Untracked 
|  63|0x0000000613c00000, 0x0000000613c00000, 0x0000000614000000|  0%| F|  |TAMS 0x0000000613c00000, 0x0000000613c00000| Untracked 
|  64|0x0000000614000000, 0x0000000614000000, 0x0000000614400000|  0%| F|  |TAMS 0x0000000614000000, 0x0000000614000000| Untracked 
|  65|0x0000000614400000, 0x0000000614400000, 0x0000000614800000|  0%| F|  |TAMS 0x0000000614400000, 0x0000000614400000| Untracked 
|  66|0x0000000614800000, 0x0000000614800000, 0x0000000614c00000|  0%| F|  |TAMS 0x0000000614800000, 0x0000000614800000| Untracked 
|  67|0x0000000614c00000, 0x0000000614c00000, 0x0000000615000000|  0%| F|  |TAMS 0x0000000614c00000, 0x0000000614c00000| Untracked 
|  68|0x0000000615000000, 0x0000000615000000, 0x0000000615400000|  0%| F|  |TAMS 0x0000000615000000, 0x0000000615000000| Untracked 
|  69|0x0000000615400000, 0x0000000615400000, 0x0000000615800000|  0%| F|  |TAMS 0x0000000615400000, 0x0000000615400000| Untracked 
|  70|0x0000000615800000, 0x0000000615800000, 0x0000000615c00000|  0%| F|  |TAMS 0x0000000615800000, 0x0000000615800000| Untracked 
|  71|0x0000000615c00000, 0x0000000615c00000, 0x0000000616000000|  0%| F|  |TAMS 0x0000000615c00000, 0x0000000615c00000| Untracked 
|  72|0x0000000616000000, 0x0000000616000000, 0x0000000616400000|  0%| F|  |TAMS 0x0000000616000000, 0x0000000616000000| Untracked 
|  73|0x0000000616400000, 0x0000000616400000, 0x0000000616800000|  0%| F|  |TAMS 0x0000000616400000, 0x0000000616400000| Untracked 
|  74|0x0000000616800000, 0x0000000616800000, 0x0000000616c00000|  0%| F|  |TAMS 0x0000000616800000, 0x0000000616800000| Untracked 
|  75|0x0000000616c00000, 0x0000000616c00000, 0x0000000617000000|  0%| F|  |TAMS 0x0000000616c00000, 0x0000000616c00000| Untracked 
|  76|0x0000000617000000, 0x0000000617000000, 0x0000000617400000|  0%| F|  |TAMS 0x0000000617000000, 0x0000000617000000| Untracked 
|  77|0x0000000617400000, 0x0000000617400000, 0x0000000617800000|  0%| F|  |TAMS 0x0000000617400000, 0x0000000617400000| Untracked 
|  78|0x0000000617800000, 0x0000000617800000, 0x0000000617c00000|  0%| F|  |TAMS 0x0000000617800000, 0x0000000617800000| Untracked 
|  79|0x0000000617c00000, 0x0000000617c00000, 0x0000000618000000|  0%| F|  |TAMS 0x0000000617c00000, 0x0000000617c00000| Untracked 
|  80|0x0000000618000000, 0x0000000618000000, 0x0000000618400000|  0%| F|  |TAMS 0x0000000618000000, 0x0000000618000000| Untracked 
|  81|0x0000000618400000, 0x0000000618400000, 0x0000000618800000|  0%| F|  |TAMS 0x0000000618400000, 0x0000000618400000| Untracked 
|  82|0x0000000618800000, 0x0000000618800000, 0x0000000618c00000|  0%| F|  |TAMS 0x0000000618800000, 0x0000000618800000| Untracked 
|  83|0x0000000618c00000, 0x0000000618c00000, 0x0000000619000000|  0%| F|  |TAMS 0x0000000618c00000, 0x0000000618c00000| Untracked 
|  84|0x0000000619000000, 0x0000000619000000, 0x0000000619400000|  0%| F|  |TAMS 0x0000000619000000, 0x0000000619000000| Untracked 
|  85|0x0000000619400000, 0x0000000619400000, 0x0000000619800000|  0%| F|  |TAMS 0x0000000619400000, 0x0000000619400000| Untracked 
|  86|0x0000000619800000, 0x0000000619800000, 0x0000000619c00000|  0%| F|  |TAMS 0x0000000619800000, 0x0000000619800000| Untracked 
|  87|0x0000000619c00000, 0x0000000619c00000, 0x000000061a000000|  0%| F|  |TAMS 0x0000000619c00000, 0x0000000619c00000| Untracked 
|  88|0x000000061a000000, 0x000000061a000000, 0x000000061a400000|  0%| F|  |TAMS 0x000000061a000000, 0x000000061a000000| Untracked 
|  89|0x000000061a400000, 0x000000061a400000, 0x000000061a800000|  0%| F|  |TAMS 0x000000061a400000, 0x000000061a400000| Untracked 
|  90|0x000000061a800000, 0x000000061a800000, 0x000000061ac00000|  0%| F|  |TAMS 0x000000061a800000, 0x000000061a800000| Untracked 
|  91|0x000000061ac00000, 0x000000061ac00000, 0x000000061b000000|  0%| F|  |TAMS 0x000000061ac00000, 0x000000061ac00000| Untracked 
|  92|0x000000061b000000, 0x000000061b000000, 0x000000061b400000|  0%| F|  |TAMS 0x000000061b000000, 0x000000061b000000| Untracked 
|  93|0x000000061b400000, 0x000000061b400000, 0x000000061b800000|  0%| F|  |TAMS 0x000000061b400000, 0x000000061b400000| Untracked 
|  94|0x000000061b800000, 0x000000061b800000, 0x000000061bc00000|  0%| F|  |TAMS 0x000000061b800000, 0x000000061b800000| Untracked 
|  95|0x000000061bc00000, 0x000000061bc00000, 0x000000061c000000|  0%| F|  |TAMS 0x000000061bc00000, 0x000000061bc00000| Untracked 
|  96|0x000000061c000000, 0x000000061c000000, 0x000000061c400000|  0%| F|  |TAMS 0x000000061c000000, 0x000000061c000000| Untracked 
|  97|0x000000061c400000, 0x000000061c400000, 0x000000061c800000|  0%| F|  |TAMS 0x000000061c400000, 0x000000061c400000| Untracked 
|  98|0x000000061c800000, 0x000000061c800000, 0x000000061cc00000|  0%| F|  |TAMS 0x000000061c800000, 0x000000061c800000| Untracked 
|  99|0x000000061cc00000, 0x000000061cc00000, 0x000000061d000000|  0%| F|  |TAMS 0x000000061cc00000, 0x000000061cc00000| Untracked 
| 100|0x000000061d000000, 0x000000061d000000, 0x000000061d400000|  0%| F|  |TAMS 0x000000061d000000, 0x000000061d000000| Untracked 
| 101|0x000000061d400000, 0x000000061d400000, 0x000000061d800000|  0%| F|  |TAMS 0x000000061d400000, 0x000000061d400000| Untracked 
| 102|0x000000061d800000, 0x000000061d800000, 0x000000061dc00000|  0%| F|  |TAMS 0x000000061d800000, 0x000000061d800000| Untracked 
| 103|0x000000061dc00000, 0x000000061dc00000, 0x000000061e000000|  0%| F|  |TAMS 0x000000061dc00000, 0x000000061dc00000| Untracked 
| 104|0x000000061e000000, 0x000000061e000000, 0x000000061e400000|  0%| F|  |TAMS 0x000000061e000000, 0x000000061e000000| Untracked 
| 105|0x000000061e400000, 0x000000061e400000, 0x000000061e800000|  0%| F|  |TAMS 0x000000061e400000, 0x000000061e400000| Untracked 
| 106|0x000000061e800000, 0x000000061e800000, 0x000000061ec00000|  0%| F|  |TAMS 0x000000061e800000, 0x000000061e800000| Untracked 
| 107|0x000000061ec00000, 0x000000061ec00000, 0x000000061f000000|  0%| F|  |TAMS 0x000000061ec00000, 0x000000061ec00000| Untracked 
| 108|0x000000061f000000, 0x000000061f000000, 0x000000061f400000|  0%| F|  |TAMS 0x000000061f000000, 0x000000061f000000| Untracked 
| 109|0x000000061f400000, 0x000000061f400000, 0x000000061f800000|  0%| F|  |TAMS 0x000000061f400000, 0x000000061f400000| Untracked 
| 110|0x000000061f800000, 0x000000061f800000, 0x000000061fc00000|  0%| F|  |TAMS 0x000000061f800000, 0x000000061f800000| Untracked 
| 111|0x000000061fc00000, 0x000000061fc00000, 0x0000000620000000|  0%| F|  |TAMS 0x000000061fc00000, 0x000000061fc00000| Untracked 
| 112|0x0000000620000000, 0x0000000620000000, 0x0000000620400000|  0%| F|  |TAMS 0x0000000620000000, 0x0000000620000000| Untracked 
| 113|0x0000000620400000, 0x0000000620400000, 0x0000000620800000|  0%| F|  |TAMS 0x0000000620400000, 0x0000000620400000| Untracked 
| 114|0x0000000620800000, 0x0000000620800000, 0x0000000620c00000|  0%| F|  |TAMS 0x0000000620800000, 0x0000000620800000| Untracked 
| 115|0x0000000620c00000, 0x0000000620c00000, 0x0000000621000000|  0%| F|  |TAMS 0x0000000620c00000, 0x0000000620c00000| Untracked 
| 116|0x0000000621000000, 0x0000000621000000, 0x0000000621400000|  0%| F|  |TAMS 0x0000000621000000, 0x0000000621000000| Untracked 
| 117|0x0000000621400000, 0x0000000621400000, 0x0000000621800000|  0%| F|  |TAMS 0x0000000621400000, 0x0000000621400000| Untracked 
| 118|0x0000000621800000, 0x0000000621800000, 0x0000000621c00000|  0%| F|  |TAMS 0x0000000621800000, 0x0000000621800000| Untracked 
| 119|0x0000000621c00000, 0x0000000621c00000, 0x0000000622000000|  0%| F|  |TAMS 0x0000000621c00000, 0x0000000621c00000| Untracked 
| 120|0x0000000622000000, 0x0000000622000000, 0x0000000622400000|  0%| F|  |TAMS 0x0000000622000000, 0x0000000622000000| Untracked 
| 121|0x0000000622400000, 0x0000000622400000, 0x0000000622800000|  0%| F|  |TAMS 0x0000000622400000, 0x0000000622400000| Untracked 
| 122|0x0000000622800000, 0x0000000622800000, 0x0000000622c00000|  0%| F|  |TAMS 0x0000000622800000, 0x0000000622800000| Untracked 
| 123|0x0000000622c00000, 0x0000000622d71e80, 0x0000000623000000| 36%| E|  |TAMS 0x0000000622c00000, 0x0000000622c00000| Complete 
| 124|0x0000000623000000, 0x0000000623400000, 0x0000000623400000|100%| E|CS|TAMS 0x0000000623000000, 0x0000000623000000| Complete 
| 125|0x0000000623400000, 0x0000000623800000, 0x0000000623800000|100%| E|CS|TAMS 0x0000000623400000, 0x0000000623400000| Complete 
| 126|0x0000000623800000, 0x0000000623c00000, 0x0000000623c00000|100%| E|CS|TAMS 0x0000000623800000, 0x0000000623800000| Complete 

Card table byte_map: [0x000001b0babc0000,0x000001b0bbba0000] _byte_map_base: 0x000001b0b7ba0000

Marking Bits (Prev, Next): (CMBitMap*) 0x000001b0a50c7340, (CMBitMap*) 0x000001b0a50c7380
 Prev Bits: [0x000001b0bcb80000, 0x000001b0c4a80000)
 Next Bits: [0x000001b0c4a80000, 0x000001b0cc980000)

Polling page: 0x000001b0a4e60000

Metaspace:

Usage:
  Non-class:     13.77 MB used.
      Class:      1.61 MB used.
       Both:     15.38 MB used.

Virtual space:
  Non-class space:       16.00 MB reserved,      13.88 MB ( 87%) committed,  2 nodes.
      Class space:        1.00 GB reserved,       1.69 MB ( <1%) committed,  1 nodes.
             Both:        1.02 GB reserved,      15.56 MB (  1%) committed. 

Chunk freelists:
   Non-Class:  2.10 MB
       Class:  2.23 MB
        Both:  4.33 MB

MaxMetaspaceSize: unlimited
CompressedClassSpaceSize: 1.00 GB
Initial GC threshold: 21.00 MB
Current GC threshold: 21.00 MB
CDS: off
MetaspaceReclaimPolicy: balanced
 - commit_granule_bytes: 65536.
 - commit_granule_words: 8192.
 - virtual_space_node_default_size: 1048576.
 - enlarge_chunks_in_place: 1.
 - new_chunks_are_fully_committed: 0.
 - uncommit_free_chunks: 1.
 - use_allocation_guard: 0.
 - handle_deallocations: 1.


Internal statistics:

num_allocs_failed_limit: 0.
num_arena_births: 124.
num_arena_deaths: 0.
num_vsnodes_births: 3.
num_vsnodes_deaths: 0.
num_space_committed: 249.
num_space_uncommitted: 0.
num_chunks_returned_to_freelist: 0.
num_chunks_taken_from_freelist: 260.
num_chunk_merges: 0.
num_chunk_splits: 145.
num_chunks_enlarged: 90.
num_purges: 0.
num_inconsistent_stats: 0.

CodeHeap 'non-profiled nmethods': size=120000Kb used=294Kb max_used=294Kb free=119705Kb
 bounds [0x000001b0b1a20000, 0x000001b0b1c90000, 0x000001b0b8f50000]
CodeHeap 'profiled nmethods': size=120000Kb used=1507Kb max_used=1507Kb free=118492Kb
 bounds [0x000001b0a9f50000, 0x000001b0aa1c0000, 0x000001b0b1480000]
CodeHeap 'non-nmethods': size=5760Kb used=1186Kb max_used=1212Kb free=4573Kb
 bounds [0x000001b0b1480000, 0x000001b0b16f0000, 0x000001b0b1a20000]
 total_blobs=1433 nmethods=952 adapters=394
 compilation: enabled
              stopped_count=0, restarted_count=0
 full_count=0

Compilation events (20 events):
Event: 0.451 Thread 0x000001b0cfa52210  940       4       sun.security.util.math.intpoly.IntegerPolynomial$MutableElement::setProduct (6 bytes)
Event: 0.451 Thread 0x000001b0cf7bab40 nmethod 938 0x000001b0b1a68390 code [0x000001b0b1a68520, 0x000001b0b1a68698]
Event: 0.452 Thread 0x000001b0cf7bb530 nmethod 943 0x000001b0aa0c4d90 code [0x000001b0aa0c4f40, 0x000001b0aa0c53b8]
Event: 0.452 Thread 0x000001b0cf7bb530  936       3       java.lang.invoke.Invokers$Holder::linkToTargetMethod (8 bytes)
Event: 0.452 Thread 0x000001b0cf7bb530 nmethod 936 0x000001b0aa0c5610 code [0x000001b0aa0c57c0, 0x000001b0aa0c5ab8]
Event: 0.452 Thread 0x000001b0cf7bb530  944       3       java.lang.String::getBytes (15 bytes)
Event: 0.452 Thread 0x000001b0cf7bab40  945       4       java.util.HashMap::newNode (13 bytes)
Event: 0.452 Thread 0x000001b0cf7bb530 nmethod 944 0x000001b0aa0c5b90 code [0x000001b0aa0c5d40, 0x000001b0aa0c5f58]
Event: 0.453 Thread 0x000001b0cf7bab40 nmethod 945 0x000001b0b1a68810 code [0x000001b0b1a689a0, 0x000001b0b1a68ab8]
Event: 0.453 Thread 0x000001b0cfa52210 nmethod 940 0x000001b0b1a68b90 code [0x000001b0b1a68d40, 0x000001b0b1a68eb8]
Event: 0.453 Thread 0x000001b0cf7bb530  946       3       sun.security.provider.SHA2::implCompress0 (490 bytes)
Event: 0.454 Thread 0x000001b0cf7bb530 nmethod 946 0x000001b0aa0c6010 code [0x000001b0aa0c6200, 0x000001b0aa0c6ac8]
Event: 0.454 Thread 0x000001b0cf7bb530  947       3       java.security.Provider::ensureLegacyParsed (123 bytes)
Event: 0.454 Thread 0x000001b0cf7bb530 nmethod 947 0x000001b0aa0c6f90 code [0x000001b0aa0c7220, 0x000001b0aa0c8008]
Event: 0.455 Thread 0x000001b0cf7bb530  948       3       jdk.internal.reflect.ClassFileAssembler::emitByte (11 bytes)
Event: 0.455 Thread 0x000001b0cf7bb530 nmethod 948 0x000001b0aa0c8310 code [0x000001b0aa0c84c0, 0x000001b0aa0c8668]
Event: 0.455 Thread 0x000001b0cf7bb530  949       3       jdk.internal.reflect.ByteVectorImpl::add (38 bytes)
Event: 0.455 Thread 0x000001b0cf7bb530 nmethod 949 0x000001b0aa0c8790 code [0x000001b0aa0c8940, 0x000001b0aa0c8b28]
Event: 0.456 Thread 0x000001b0cf7bb530  950       1       java.util.concurrent.locks.AbstractOwnableSynchronizer::setExclusiveOwnerThread (6 bytes)
Event: 0.456 Thread 0x000001b0cf7bb530 nmethod 950 0x000001b0b1a69090 code [0x000001b0b1a69220, 0x000001b0b1a69338]

GC Heap History (0 events):
No events

Dll operation events (1 events):
Event: 0.005 Loaded shared library C:\Program Files\JetBrains\PyCharm Community Edition 2023.1\jbr\bin\java.dll

Deoptimization events (12 events):
Event: 0.242 Thread 0x000001b0a4f6cf80 DEOPT PACKING pc=0x000001b0a9f8522d sp=0x00000074b42fe220
Event: 0.242 Thread 0x000001b0a4f6cf80 DEOPT UNPACKING pc=0x000001b0b14d7143 sp=0x00000074b42fd6b8 mode 0
Event: 0.294 Thread 0x000001b0a4f6cf80 Uncommon trap: trap_request=0xffffff45 fr.pc=0x000001b0b1a3ade0 relative=0x00000000000001e0
Event: 0.294 Thread 0x000001b0a4f6cf80 Uncommon trap: reason=unstable_if action=reinterpret pc=0x000001b0b1a3ade0 method=java.util.HashMap.putVal(ILjava/lang/Object;Ljava/lang/Object;ZZ)Ljava/lang/Object; @ 162 c2
Event: 0.294 Thread 0x000001b0a4f6cf80 DEOPT PACKING pc=0x000001b0b1a3ade0 sp=0x00000074b42fbe20
Event: 0.294 Thread 0x000001b0a4f6cf80 DEOPT UNPACKING pc=0x000001b0b14d69a3 sp=0x00000074b42fbdc0 mode 2
Event: 0.325 Thread 0x000001b0a4f6cf80 DEOPT PACKING pc=0x000001b0a9f653e7 sp=0x00000074b42fe940
Event: 0.325 Thread 0x000001b0a4f6cf80 DEOPT UNPACKING pc=0x000001b0b14d7143 sp=0x00000074b42fdd60 mode 0
Event: 0.326 Thread 0x000001b0a4f6cf80 Uncommon trap: trap_request=0xffffff45 fr.pc=0x000001b0b1a37d34 relative=0x0000000000000414
Event: 0.326 Thread 0x000001b0a4f6cf80 Uncommon trap: reason=unstable_if action=reinterpret pc=0x000001b0b1a37d34 method=java.lang.StringLatin1.newString([BII)Ljava/lang/String; @ 1 c2
Event: 0.326 Thread 0x000001b0a4f6cf80 DEOPT PACKING pc=0x000001b0b1a37d34 sp=0x00000074b42fe9a0
Event: 0.326 Thread 0x000001b0a4f6cf80 DEOPT UNPACKING pc=0x000001b0b14d69a3 sp=0x00000074b42fe968 mode 2

Classes unloaded (0 events):
No events

Classes redefined (0 events):
No events

Internal exceptions (20 events):
Event: 0.180 Thread 0x000001b0a4f6cf80 Exception <a 'java/lang/NoSuchMethodError'{0x0000000623b750a0}: 'int java.lang.invoke.DirectMethodHandle$Holder.invokeStaticInit(java.lang.Object, java.lang.Object)'> (0x0000000623b750a0) 
thrown [s\src\hotspot\share\interpreter\linkResolver.cpp, line 771]
Event: 0.213 Thread 0x000001b0a4f6cf80 Exception <a 'java/lang/NoSuchMethodError'{0x000000062345c7c0}: 'java.lang.Object java.lang.invoke.DirectMethodHandle$Holder.invokeStaticInit(java.lang.Object, int, int, int, int)'> (0x000000062345c7c0) 
thrown [s\src\hotspot\share\interpreter\linkResolver.cpp, line 771]
Event: 0.245 Thread 0x000001b0a4f6cf80 Exception <a 'java/lang/NoSuchMethodError'{0x00000006234e8298}: 'java.lang.Object java.lang.invoke.DirectMethodHandle$Holder.invokeStaticInit(java.lang.Object, java.lang.Object, int, int, int, int)'> (0x00000006234e8298) 
thrown [s\src\hotspot\share\interpreter\linkResolver.cpp, line 771]
Event: 0.252 Thread 0x000001b0a4f6cf80 Exception <a 'java/lang/NoSuchMethodError'{0x0000000623551d80}: 'java.lang.Object java.lang.invoke.DirectMethodHandle$Holder.invokeStatic(java.lang.Object, java.lang.Object, int)'> (0x0000000623551d80) 
thrown [s\src\hotspot\share\interpreter\linkResolver.cpp, line 771]
Event: 0.252 Thread 0x000001b0a4f6cf80 Exception <a 'java/lang/NoSuchMethodError'{0x00000006235554f8}: 'java.lang.Object java.lang.invoke.DirectMethodHandle$Holder.invokeStaticInit(java.lang.Object, java.lang.Object, int)'> (0x00000006235554f8) 
thrown [s\src\hotspot\share\interpreter\linkResolver.cpp, line 771]
Event: 0.253 Thread 0x000001b0a4f6cf80 Exception <a 'java/lang/NoSuchMethodError'{0x000000062355b8a8}: 'java.lang.Object java.lang.invoke.DirectMethodHandle$Holder.newInvokeSpecial(java.lang.Object, java.lang.Object, int)'> (0x000000062355b8a8) 
thrown [s\src\hotspot\share\interpreter\linkResolver.cpp, line 771]
Event: 0.254 Thread 0x000001b0a4f6cf80 Exception <a 'java/lang/NoSuchMethodError'{0x000000062356b108}: 'int java.lang.invoke.DirectMethodHandle$Holder.invokeStaticInit(java.lang.Object, java.lang.Object, java.lang.Object)'> (0x000000062356b108) 
thrown [s\src\hotspot\share\interpreter\linkResolver.cpp, line 771]
Event: 0.256 Thread 0x000001b0a4f6cf80 Exception <a 'java/lang/NoSuchMethodError'{0x000000062357b558}: 'int java.lang.invoke.DirectMethodHandle$Holder.invokeSpecial(java.lang.Object, java.lang.Object, java.lang.Object)'> (0x000000062357b558) 
thrown [s\src\hotspot\share\interpreter\linkResolver.cpp, line 771]
Event: 0.257 Thread 0x000001b0a4f6cf80 Exception <a 'java/lang/NoSuchMethodError'{0x0000000623583938}: 'int java.lang.invoke.DirectMethodHandle$Holder.invokeSpecialIFC(java.lang.Object, java.lang.Object, java.lang.Object)'> (0x0000000623583938) 
thrown [s\src\hotspot\share\interpreter\linkResolver.cpp, line 771]
Event: 0.278 Thread 0x000001b0a4f6cf80 Exception <a 'java/lang/NoSuchMethodError'{0x000000062360fd50}: 'java.lang.Object java.lang.invoke.DirectMethodHandle$Holder.invokeStaticInit(java.lang.Object)'> (0x000000062360fd50) 
thrown [s\src\hotspot\share\interpreter\linkResolver.cpp, line 771]
Event: 0.334 Thread 0x000001b0a4f6cf80 Exception <a 'java/lang/NoSuchMethodError'{0x000000062300fae8}: 'java.lang.Object java.lang.invoke.DirectMethodHandle$Holder.newInvokeSpecial(java.lang.Object, java.lang.Object, java.lang.Object, java.lang.Object, java.lang.Object)'> (0x000000062300fae8) 
thrown [s\src\hotspot\share\interpreter\linkResolver.cpp, line 771]
Event: 0.357 Thread 0x000001b0a4f6cf80 Exception <a 'java/lang/NoSuchMethodError'{0x000000062319c990}: 'java.lang.Object java.lang.invoke.DirectMethodHandle$Holder.invokeSpecial(java.lang.Object, java.lang.Object, java.lang.Object, java.lang.Object, int)'> (0x000000062319c990) 
thrown [s\src\hotspot\share\interpreter\linkResolver.cpp, line 771]
Event: 0.357 Thread 0x000001b0a4f6cf80 Exception <a 'java/lang/NoSuchMethodError'{0x00000006231a0558}: 'java.lang.Object java.lang.invoke.Invokers$Holder.linkToTargetMethod(java.lang.Object, java.lang.Object, int, java.lang.Object)'> (0x00000006231a0558) 
thrown [s\src\hotspot\share\interpreter\linkResolver.cpp, line 771]
Event: 0.367 Thread 0x000001b0a4f6cf80 Exception <a 'java/lang/NoSuchMethodError'{0x00000006232002a8}: 'void java.lang.invoke.DirectMethodHandle$Holder.invokeSpecial(java.lang.Object, java.lang.Object, java.lang.Object)'> (0x00000006232002a8) 
thrown [s\src\hotspot\share\interpreter\linkResolver.cpp, line 771]
Event: 0.378 Thread 0x000001b0d0695290 Exception <a 'java/lang/NoSuchMethodError'{0x0000000623782998}: 'void java.lang.invoke.DirectMethodHandle$Holder.invokeStatic(java.lang.Object, java.lang.Object, int)'> (0x0000000623782998) 
thrown [s\src\hotspot\share\interpreter\linkResolver.cpp, line 771]
Event: 0.378 Thread 0x000001b0a4f6cf80 Exception <a 'java/lang/NoSuchMethodError'{0x0000000623287180}: 'void java.lang.invoke.DirectMethodHandle$Holder.invokeSpecial(java.lang.Object, java.lang.Object, java.lang.Object, java.lang.Object, java.lang.Object)'> (0x0000000623287180) 
thrown [s\src\hotspot\share\interpreter\linkResolver.cpp, line 771]
Event: 0.384 Thread 0x000001b0d06f9190 Exception <a 'java/lang/NoSuchMethodError'{0x0000000623333868}: 'void java.lang.invoke.DirectMethodHandle$Holder.invokeInterface(java.lang.Object, java.lang.Object, java.lang.Object)'> (0x0000000623333868) 
thrown [s\src\hotspot\share\interpreter\linkResolver.cpp, line 771]
Event: 0.386 Thread 0x000001b0d06f9190 Exception <a 'java/lang/NoSuchMethodError'{0x0000000623349d50}: 'int java.lang.invoke.DirectMethodHandle$Holder.invokeStaticInit(java.lang.Object, int, int)'> (0x0000000623349d50) 
thrown [s\src\hotspot\share\interpreter\linkResolver.cpp, line 771]
Event: 0.390 Thread 0x000001b0d06f9190 Exception <a 'java/lang/NoSuchMethodError'{0x000000062338d418}: 'void java.lang.invoke.DirectMethodHandle$Holder.invokeVirtual(java.lang.Object, java.lang.Object)'> (0x000000062338d418) 
thrown [s\src\hotspot\share\interpreter\linkResolver.cpp, line 771]
Event: 0.445 Thread 0x000001b0d06f9190 Exception <a 'java/lang/NoSuchMethodError'{0x0000000622cdf378}: 'void java.lang.invoke.DirectMethodHandle$Holder.invokeInterface(java.lang.Object, java.lang.Object)'> (0x0000000622cdf378) 
thrown [s\src\hotspot\share\interpreter\linkResolver.cpp, line 771]

VM Operations (8 events):
Event: 0.086 Executing VM operation: HandshakeAllThreads
Event: 0.086 Executing VM operation: HandshakeAllThreads done
Event: 0.096 Executing VM operation: HandshakeAllThreads
Event: 0.096 Executing VM operation: HandshakeAllThreads done
Event: 0.221 Executing VM operation: HandshakeAllThreads
Event: 0.221 Executing VM operation: HandshakeAllThreads done
Event: 0.280 Executing VM operation: HandshakeAllThreads
Event: 0.280 Executing VM operation: HandshakeAllThreads done

Events (20 events):
Event: 0.458 loading class sun/security/ssl/CertificateMessage$CertificateEntry done
Event: 0.458 loading class java/security/cert/X509Certificate
Event: 0.458 loading class java/security/cert/X509Extension
Event: 0.458 loading class java/security/cert/X509Extension done
Event: 0.458 loading class java/security/cert/X509Certificate done
Event: 0.458 loading class java/security/cert/CertificateFactory
Event: 0.458 loading class java/security/cert/CertificateFactory done
Event: 0.458 loading class java/security/cert/CertificateFactorySpi
Event: 0.458 loading class java/security/cert/CertificateFactorySpi done
Event: 0.458 loading class sun/security/provider/X509Factory
Event: 0.459 loading class sun/security/provider/X509Factory done
Event: 0.459 loading class sun/security/util/Cache$EqualByteArray
Event: 0.459 loading class sun/security/util/Cache$EqualByteArray done
Event: 0.459 loading class sun/security/x509/X509CertImpl
Event: 0.459 loading class sun/security/x509/X509CertImpl done
Event: 0.459 loading class sun/security/x509/X509CertInfo
Event: 0.460 loading class sun/security/x509/CertAttrSet
Event: 0.460 loading class sun/security/x509/CertAttrSet done
Event: 0.460 loading class sun/security/x509/X509CertInfo done
Event: 0.460 loading class sun/security/x509/CertificateVersion


Dynamic libraries:
0x00007ff709370000 - 0x00007ff70937a000 	C:\Program Files\JetBrains\PyCharm Community Edition 2023.1\jbr\bin\java.exe
0x00007ffd35370000 - 0x00007ffd35584000 	C:\Windows\SYSTEM32\ntdll.dll
0x00007ffd345a0000 - 0x00007ffd34662000 	C:\Windows\System32\KERNEL32.DLL
0x00007ffd32a50000 - 0x00007ffd32df3000 	C:\Windows\System32\KERNELBASE.dll
0x00007ffd32770000 - 0x00007ffd32881000 	C:\Windows\System32\ucrtbase.dll
0x00007ffd0f0d0000 - 0x00007ffd0f0e7000 	C:\Program Files\JetBrains\PyCharm Community Edition 2023.1\jbr\bin\jli.dll
0x00007ffd34340000 - 0x00007ffd344eb000 	C:\Windows\System32\USER32.dll
0x00007ffd32fb0000 - 0x00007ffd32fd6000 	C:\Windows\System32\win32u.dll
0x00007ffd14f20000 - 0x00007ffd151ae000 	C:\Windows\WinSxS\amd64_microsoft.windows.common-controls_6595b64144ccf1df_6.0.22621.1635_none_270f70857386168e\COMCTL32.dll
0x00007ffd02590000 - 0x00007ffd025ab000 	C:\Program Files\JetBrains\PyCharm Community Edition 2023.1\jbr\bin\VCRUNTIME140.dll
0x00007ffd344f0000 - 0x00007ffd34519000 	C:\Windows\System32\GDI32.dll
0x00007ffd33150000 - 0x00007ffd331f7000 	C:\Windows\System32\msvcrt.dll
0x00007ffd32890000 - 0x00007ffd329a9000 	C:\Windows\System32\gdi32full.dll
0x00007ffd329b0000 - 0x00007ffd32a4a000 	C:\Windows\System32\msvcp_win.dll
0x00007ffd33da0000 - 0x00007ffd33dd1000 	C:\Windows\System32\IMM32.DLL
0x00007ffd28de0000 - 0x00007ffd28dec000 	C:\Program Files\JetBrains\PyCharm Community Edition 2023.1\jbr\bin\vcruntime140_1.dll
0x00007ffce4490000 - 0x00007ffce451d000 	C:\Program Files\JetBrains\PyCharm Community Edition 2023.1\jbr\bin\msvcp140.dll
0x00007ffce6750000 - 0x00007ffce73bd000 	C:\Program Files\JetBrains\PyCharm Community Edition 2023.1\jbr\bin\server\jvm.dll
0x00007ffd334f0000 - 0x00007ffd3359e000 	C:\Windows\System32\ADVAPI32.dll
0x00007ffd349a0000 - 0x00007ffd34a44000 	C:\Windows\System32\sechost.dll
0x00007ffd33800000 - 0x00007ffd33917000 	C:\Windows\System32\RPCRT4.dll
0x00007ffc9fc30000 - 0x00007ffc9fc39000 	C:\Windows\SYSTEM32\WSOCK32.dll
0x00007ffd27fb0000 - 0x00007ffd27fe4000 	C:\Windows\SYSTEM32\WINMM.dll
0x00007ffd25720000 - 0x00007ffd2572a000 	C:\Windows\SYSTEM32\VERSION.dll
0x00007ffd33470000 - 0x00007ffd334e1000 	C:\Windows\System32\WS2_32.dll
0x00007ffd318b0000 - 0x00007ffd318c8000 	C:\Windows\SYSTEM32\kernel.appcore.dll
0x00007ffd260b0000 - 0x00007ffd260ba000 	C:\Program Files\JetBrains\PyCharm Community Edition 2023.1\jbr\bin\jimage.dll
0x00007ffd30030000 - 0x00007ffd3025e000 	C:\Windows\SYSTEM32\DBGHELP.DLL
0x00007ffd33df0000 - 0x00007ffd34179000 	C:\Windows\System32\combase.dll
0x00007ffd34790000 - 0x00007ffd34867000 	C:\Windows\System32\OLEAUT32.dll
0x00007ffd23b40000 - 0x00007ffd23b72000 	C:\Windows\SYSTEM32\dbgcore.DLL
0x00007ffd32e00000 - 0x00007ffd32e7b000 	C:\Windows\System32\bcryptPrimitives.dll
0x00007ffd26080000 - 0x00007ffd260a5000 	C:\Program Files\JetBrains\PyCharm Community Edition 2023.1\jbr\bin\java.dll
0x00007ffd1a7c0000 - 0x00007ffd1a7d8000 	C:\Program Files\JetBrains\PyCharm Community Edition 2023.1\jbr\bin\zip.dll
0x00007ffd34a50000 - 0x00007ffd3524a000 	C:\Windows\System32\SHELL32.dll
0x00007ffd30780000 - 0x00007ffd3104e000 	C:\Windows\SYSTEM32\windows.storage.dll
0x00007ffd30640000 - 0x00007ffd3077e000 	C:\Windows\SYSTEM32\wintypes.dll
0x00007ffd336a0000 - 0x00007ffd33791000 	C:\Windows\System32\SHCORE.dll
0x00007ffd337a0000 - 0x00007ffd337fe000 	C:\Windows\System32\shlwapi.dll
0x00007ffd326a0000 - 0x00007ffd326c1000 	C:\Windows\SYSTEM32\profapi.dll
0x00007ffd0f2d0000 - 0x00007ffd0f2e9000 	C:\Program Files\JetBrains\PyCharm Community Edition 2023.1\jbr\bin\net.dll
0x00007ffd27370000 - 0x00007ffd274a7000 	C:\Windows\SYSTEM32\WINHTTP.dll
0x00007ffd31d20000 - 0x00007ffd31d89000 	C:\Windows\system32\mswsock.dll
0x00007ffd0f210000 - 0x00007ffd0f226000 	C:\Program Files\JetBrains\PyCharm Community Edition 2023.1\jbr\bin\nio.dll
0x00007ffd1a2c0000 - 0x00007ffd1a2ce000 	C:\Program Files\JetBrains\PyCharm Community Edition 2023.1\jbr\bin\sunmscapi.dll
0x00007ffd32fe0000 - 0x00007ffd33147000 	C:\Windows\System32\CRYPT32.dll
0x00007ffd32110000 - 0x00007ffd3213e000 	C:\Windows\SYSTEM32\ncrypt.dll
0x00007ffd320d0000 - 0x00007ffd32107000 	C:\Windows\SYSTEM32\NTASN1.dll
0x00007ffd31f90000 - 0x00007ffd31fab000 	C:\Windows\SYSTEM32\CRYPTSP.dll
0x00007ffd31820000 - 0x00007ffd31855000 	C:\Windows\system32\rsaenh.dll
0x00007ffd31e20000 - 0x00007ffd31e48000 	C:\Windows\SYSTEM32\USERENV.dll
0x00007ffd32140000 - 0x00007ffd32168000 	C:\Windows\SYSTEM32\bcrypt.dll
0x00007ffd31f80000 - 0x00007ffd31f8c000 	C:\Windows\SYSTEM32\CRYPTBASE.dll
0x00007ffd31320000 - 0x00007ffd3134d000 	C:\Windows\SYSTEM32\IPHLPAPI.DLL
0x00007ffd33de0000 - 0x00007ffd33de9000 	C:\Windows\System32\NSI.dll
0x00007ffd26fe0000 - 0x00007ffd26ff9000 	C:\Windows\SYSTEM32\dhcpcsvc6.DLL
0x00007ffd270c0000 - 0x00007ffd270df000 	C:\Windows\SYSTEM32\dhcpcsvc.DLL
0x00007ffd31390000 - 0x00007ffd31483000 	C:\Windows\SYSTEM32\DNSAPI.dll
0x00007ffcfd710000 - 0x00007ffcfd718000 	C:\Windows\system32\wshunix.dll

dbghelp: loaded successfully - version: 4.0.5 - missing functions: none
symbol engine: initialized successfully - sym options: 0x614 - pdb path: .;C:\Program Files\JetBrains\PyCharm Community Edition 2023.1\jbr\bin;C:\Windows\SYSTEM32;C:\Windows\WinSxS\amd64_microsoft.windows.common-controls_6595b64144ccf1df_6.0.22621.1635_none_270f70857386168e;C:\Program Files\JetBrains\PyCharm Community Edition 2023.1\jbr\bin\server

VM Arguments:
java_command: git4idea.http.GitAskPassApp Username for 'https://github.com': 
java_class_path (initial): C:/Program Files/JetBrains/PyCharm Community Edition 2023.1/plugins/vcs-git/lib/git4idea-rt.jar;C:/Program Files/JetBrains/PyCharm Community Edition 2023.1/lib/externalProcess-rt.jar
Launcher Type: SUN_STANDARD

[Global flags]
     intx CICompilerCount                          = 4                                         {product} {ergonomic}
     uint ConcGCThreads                            = 3                                         {product} {ergonomic}
     uint G1ConcRefinementThreads                  = 10                                        {product} {ergonomic}
   size_t G1HeapRegionSize                         = 4194304                                   {product} {ergonomic}
    uintx GCDrainStackTargetSize                   = 64                                        {product} {ergonomic}
   size_t InitialHeapSize                          = 532676608                                 {product} {ergonomic}
   size_t MarkStackSize                            = 4194304                                   {product} {ergonomic}
   size_t MaxHeapSize                              = 8522825728                                {product} {ergonomic}
   size_t MaxNewSize                               = 5112856576                                {product} {ergonomic}
   size_t MinHeapDeltaBytes                        = 4194304                                   {product} {ergonomic}
   size_t MinHeapSize                              = 8388608                                   {product} {ergonomic}
    uintx NonNMethodCodeHeapSize                   = 5839372                                {pd product} {ergonomic}
    uintx NonProfiledCodeHeapSize                  = 122909434                              {pd product} {ergonomic}
    uintx ProfiledCodeHeapSize                     = 122909434                              {pd product} {ergonomic}
    uintx ReservedCodeCacheSize                    = 251658240                              {pd product} {ergonomic}
     bool SegmentedCodeCache                       = true                                      {product} {ergonomic}
   size_t SoftMaxHeapSize                          = 8522825728                             {manageable} {ergonomic}
     bool UseCompressedClassPointers               = true                           {product lp64_product} {ergonomic}
     bool UseCompressedOops                        = true                           {product lp64_product} {ergonomic}
     bool UseG1GC                                  = true                                      {product} {ergonomic}
     bool UseLargePagesIndividualAllocation        = false                                  {pd product} {ergonomic}

Logging:
Log output configuration:
 #0: stdout all=warning uptime,level,tags
 #1: stderr all=off uptime,level,tags

Environment Variables:
PATH=C:\Program Files\Git\mingw64\libexec\git-core;C:\Program Files\Git\mingw64\libexec\git-core;C:\Program Files\Git\mingw64\bin;C:\Program Files\Git\usr\bin;C:\Users\asata\bin;C:\Windows\system32;C:\Windows;C:\Windows\System32\Wbem;C:\Windows\System32\WindowsPowerShell\v1.0;C:\Windows\System32\OpenSSH;C:\Program Files\MATLAB\R2022b\runtime\win64;C:\Program Files\MATLAB\R2022b\bin;C:\Program Files\Git\cmd;C:\Users\asata\anaconda3;C:\Users\asata\anaconda3\Library\mingw-w64\bin;C:\Users\asata\anaconda3\Library\usr\bin;C:\Users\asata\anaconda3\Library\bin;C:\Users\asata\anaconda3\Scripts;C:\Users\asata\AppData\Local\Microsoft\WindowsApps;C:\Program Files\JetBrains\PyCharm Community Edition 2023.1\bin
USERNAME=asata
DISPLAY=:0.0
LC_ALL=en_US.UTF-8
TERM=xterm-256color
TMPDIR=C:\Users\asata\AppData\Local\Temp
OS=Windows_NT
PROCESSOR_IDENTIFIER=Intel64 Family 6 Model 158 Stepping 10, GenuineIntel
TMP=C:\Users\asata\AppData\Local\Temp
TEMP=C:\Users\asata\AppData\Local\Temp



---------------  S Y S T E M  ---------------

OS:
 Windows 11 , 64 bit Build 22621 (10.0.22621.1778)
OS uptime: 2 days 13:18 hours

CPU: total 12 (initial active 12) (6 cores per cpu, 2 threads per core) family 6 model 158 stepping 10 microcode 0xde, cx8, cmov, fxsr, ht, mmx, 3dnowpref, sse, sse2, sse3, ssse3, sse4.1, sse4.2, popcnt, lzcnt, tsc, tscinvbit, avx, avx2, aes, erms, clmul, bmi1, bmi2, adx, fma, vzeroupper, clflush, clflushopt

Memory: 4k page, system-wide physical 32502M (7933M free)
TotalPageFile size 73286M (AvailPageFile size 1M)
current process WorkingSet (physical memory assigned to process): 68M, peak: 68M
current process commit charge ("private bytes"): 621M, peak: 621M

vm_info: OpenJDK 64-Bit Server VM (17.0.6+10-b829.5) for windows-amd64 JRE (17.0.6+10-b829.5), built on 2023-02-24 by "builduser" with MS VC++ 16.10 / 16.11 (VS2019)

END.
